<?xml version="1.0" encoding="UTF-8"?>
<testng-results ignored="3" total="8" passed="0" failed="5" skipped="0">
  <reporter-output>
  </reporter-output>
  <suite started-at="2023-03-02T18:36:04 EST" name="EcommerceWebsiteTests" finished-at="2023-03-02T18:37:26 EST" duration-ms="82540">
    <groups>
    </groups>
    <test started-at="2023-03-02T18:36:04 EST" name="Ecom Site Test" finished-at="2023-03-02T18:37:26 EST" duration-ms="82540">
      <class name="com.gqa.tests.EcomTest">
        <test-method is-config="true" signature="setup()[pri:0, instance:com.gqa.tests.EcomTest@497486b3]" started-at="2023-03-02T18:36:04 EST" name="setup" finished-at="2023-03-02T18:36:05 EST" duration-ms="1280" status="PASS">
          <reporter-output>
          </reporter-output>
        </test-method> <!-- setup -->
        <test-method is-config="true" signature="initBrowser()[pri:0, instance:com.gqa.tests.EcomTest@497486b3]" started-at="2023-03-02T18:36:05 EST" name="initBrowser" finished-at="2023-03-02T18:36:11 EST" duration-ms="6256" status="PASS">
          <reporter-output>
          </reporter-output>
        </test-method> <!-- initBrowser -->
        <test-method signature="registerTest(java.lang.String, java.lang.String, java.lang.String, java.lang.String, java.lang.String)[pri:0, instance:com.gqa.tests.EcomTest@497486b3]" started-at="2023-03-02T18:36:11 EST" name="registerTest" data-provider="registrationData" finished-at="2023-03-02T18:36:23 EST" duration-ms="11929" status="FAIL">
          <params>
            <param index="0">
              <value>
                <![CDATA[fnameab]]>
              </value>
            </param>
            <param index="1">
              <value>
                <![CDATA[lnameas]]>
              </value>
            </param>
            <param index="2">
              <value>
                <![CDATA[fnameab@email.com]]>
              </value>
            </param>
            <param index="3">
              <value>
                <![CDATA[4525252222]]>
              </value>
            </param>
            <param index="4">
              <value>
                <![CDATA[Busyqa@123]]>
              </value>
            </param>
          </params>
          <exception class="java.lang.AssertionError">
            <message>
              <![CDATA[expected [true] but found [false]]]>
            </message>
            <full-stacktrace>
              <![CDATA[java.lang.AssertionError: expected [true] but found [false]
at org.testng.Assert.fail(Assert.java:97)
at org.testng.Assert.failNotEquals(Assert.java:969)
at org.testng.Assert.assertTrue(Assert.java:43)
at org.testng.Assert.assertTrue(Assert.java:53)
at com.gqa.tests.EcomTest.registerTest(EcomTest.java:205)
at java.base/jdk.internal.reflect.DirectMethodHandleAccessor.invoke(DirectMethodHandleAccessor.java:104)
at java.base/java.lang.reflect.Method.invoke(Method.java:577)
at org.testng.internal.MethodInvocationHelper.invokeMethod(MethodInvocationHelper.java:134)
at org.testng.internal.TestInvoker.invokeMethod(TestInvoker.java:597)
at org.testng.internal.TestInvoker.invokeTestMethod(TestInvoker.java:173)
at org.testng.internal.MethodRunner.runInSequence(MethodRunner.java:46)
at org.testng.internal.TestInvoker$MethodInvocationAgent.invoke(TestInvoker.java:816)
at org.testng.internal.TestInvoker.invokeTestMethods(TestInvoker.java:146)
at org.testng.internal.TestMethodWorker.invokeTestMethods(TestMethodWorker.java:146)
at org.testng.internal.TestMethodWorker.run(TestMethodWorker.java:128)
at java.base/java.util.concurrent.ThreadPoolExecutor.runWorker(ThreadPoolExecutor.java:1136)
at java.base/java.util.concurrent.ThreadPoolExecutor$Worker.run(ThreadPoolExecutor.java:635)
at java.base/java.lang.Thread.run(Thread.java:833)
]]>
            </full-stacktrace>
          </exception> <!-- java.lang.AssertionError -->
          <reporter-output>
          </reporter-output>
        </test-method> <!-- registerTest -->
        <test-method is-config="true" signature="handleBrowsers()[pri:0, instance:com.gqa.tests.EcomTest@497486b3]" started-at="2023-03-02T18:36:23 EST" name="handleBrowsers" finished-at="2023-03-02T18:36:25 EST" duration-ms="1322" status="PASS">
          <reporter-output>
          </reporter-output>
        </test-method> <!-- handleBrowsers -->
        <test-method is-config="true" signature="initBrowser()[pri:0, instance:com.gqa.tests.EcomTest@497486b3]" started-at="2023-03-02T18:36:25 EST" name="initBrowser" finished-at="2023-03-02T18:36:28 EST" duration-ms="3019" status="PASS">
          <reporter-output>
          </reporter-output>
        </test-method> <!-- initBrowser -->
        <test-method signature="registerTest(java.lang.String, java.lang.String, java.lang.String, java.lang.String, java.lang.String)[pri:0, instance:com.gqa.tests.EcomTest@497486b3]" started-at="2023-03-02T18:36:28 EST" name="registerTest" data-provider="registrationData" finished-at="2023-03-02T18:36:41 EST" duration-ms="13074" status="FAIL">
          <params>
            <param index="0">
              <value>
                <![CDATA[fnamebc]]>
              </value>
            </param>
            <param index="1">
              <value>
                <![CDATA[lnameat]]>
              </value>
            </param>
            <param index="2">
              <value>
                <![CDATA[fnamebc@email.com]]>
              </value>
            </param>
            <param index="3">
              <value>
                <![CDATA[4525252224]]>
              </value>
            </param>
            <param index="4">
              <value>
                <![CDATA[Busyqa@123]]>
              </value>
            </param>
          </params>
          <exception class="java.lang.AssertionError">
            <message>
              <![CDATA[expected [true] but found [false]]]>
            </message>
            <full-stacktrace>
              <![CDATA[java.lang.AssertionError: expected [true] but found [false]
at org.testng.Assert.fail(Assert.java:97)
at org.testng.Assert.failNotEquals(Assert.java:969)
at org.testng.Assert.assertTrue(Assert.java:43)
at org.testng.Assert.assertTrue(Assert.java:53)
at com.gqa.tests.EcomTest.registerTest(EcomTest.java:205)
at java.base/jdk.internal.reflect.DirectMethodHandleAccessor.invoke(DirectMethodHandleAccessor.java:104)
at java.base/java.lang.reflect.Method.invoke(Method.java:577)
at org.testng.internal.MethodInvocationHelper.invokeMethod(MethodInvocationHelper.java:134)
at org.testng.internal.TestInvoker.invokeMethod(TestInvoker.java:597)
at org.testng.internal.TestInvoker.invokeTestMethod(TestInvoker.java:173)
at org.testng.internal.MethodRunner.runInSequence(MethodRunner.java:46)
at org.testng.internal.TestInvoker$MethodInvocationAgent.invoke(TestInvoker.java:816)
at org.testng.internal.TestInvoker.invokeTestMethods(TestInvoker.java:146)
at org.testng.internal.TestMethodWorker.invokeTestMethods(TestMethodWorker.java:146)
at org.testng.internal.TestMethodWorker.run(TestMethodWorker.java:128)
at java.base/java.util.concurrent.ThreadPoolExecutor.runWorker(ThreadPoolExecutor.java:1136)
at java.base/java.util.concurrent.ThreadPoolExecutor$Worker.run(ThreadPoolExecutor.java:635)
at java.base/java.lang.Thread.run(Thread.java:833)
]]>
            </full-stacktrace>
          </exception> <!-- java.lang.AssertionError -->
          <reporter-output>
          </reporter-output>
        </test-method> <!-- registerTest -->
        <test-method is-config="true" signature="handleBrowsers()[pri:0, instance:com.gqa.tests.EcomTest@497486b3]" started-at="2023-03-02T18:36:41 EST" name="handleBrowsers" finished-at="2023-03-02T18:36:41 EST" duration-ms="626" status="PASS">
          <reporter-output>
          </reporter-output>
        </test-method> <!-- handleBrowsers -->
        <test-method is-config="true" signature="initBrowser()[pri:0, instance:com.gqa.tests.EcomTest@497486b3]" started-at="2023-03-02T18:36:41 EST" name="initBrowser" finished-at="2023-03-02T18:36:44 EST" duration-ms="2917" status="PASS">
          <reporter-output>
          </reporter-output>
        </test-method> <!-- initBrowser -->
        <test-method signature="registerTest(java.lang.String, java.lang.String, java.lang.String, java.lang.String, java.lang.String)[pri:0, instance:com.gqa.tests.EcomTest@497486b3]" started-at="2023-03-02T18:36:44 EST" name="registerTest" data-provider="registrationData" finished-at="2023-03-02T18:36:55 EST" duration-ms="10789" status="FAIL">
          <params>
            <param index="0">
              <value>
                <![CDATA[fnameab]]>
              </value>
            </param>
            <param index="1">
              <value>
                <![CDATA[lnameas]]>
              </value>
            </param>
            <param index="2">
              <value>
                <![CDATA[fnamecd@email.com]]>
              </value>
            </param>
            <param index="3">
              <value>
                <![CDATA[4525252223]]>
              </value>
            </param>
            <param index="4">
              <value>
                <![CDATA[Busyqa@123]]>
              </value>
            </param>
          </params>
          <exception class="java.lang.AssertionError">
            <message>
              <![CDATA[expected [true] but found [false]]]>
            </message>
            <full-stacktrace>
              <![CDATA[java.lang.AssertionError: expected [true] but found [false]
at org.testng.Assert.fail(Assert.java:97)
at org.testng.Assert.failNotEquals(Assert.java:969)
at org.testng.Assert.assertTrue(Assert.java:43)
at org.testng.Assert.assertTrue(Assert.java:53)
at com.gqa.tests.EcomTest.registerTest(EcomTest.java:205)
at java.base/jdk.internal.reflect.DirectMethodHandleAccessor.invoke(DirectMethodHandleAccessor.java:104)
at java.base/java.lang.reflect.Method.invoke(Method.java:577)
at org.testng.internal.MethodInvocationHelper.invokeMethod(MethodInvocationHelper.java:134)
at org.testng.internal.TestInvoker.invokeMethod(TestInvoker.java:597)
at org.testng.internal.TestInvoker.invokeTestMethod(TestInvoker.java:173)
at org.testng.internal.MethodRunner.runInSequence(MethodRunner.java:46)
at org.testng.internal.TestInvoker$MethodInvocationAgent.invoke(TestInvoker.java:816)
at org.testng.internal.TestInvoker.invokeTestMethods(TestInvoker.java:146)
at org.testng.internal.TestMethodWorker.invokeTestMethods(TestMethodWorker.java:146)
at org.testng.internal.TestMethodWorker.run(TestMethodWorker.java:128)
at java.base/java.util.concurrent.ThreadPoolExecutor.runWorker(ThreadPoolExecutor.java:1136)
at java.base/java.util.concurrent.ThreadPoolExecutor$Worker.run(ThreadPoolExecutor.java:635)
at java.base/java.lang.Thread.run(Thread.java:833)
]]>
            </full-stacktrace>
          </exception> <!-- java.lang.AssertionError -->
          <reporter-output>
          </reporter-output>
        </test-method> <!-- registerTest -->
        <test-method is-config="true" signature="handleBrowsers()[pri:0, instance:com.gqa.tests.EcomTest@497486b3]" started-at="2023-03-02T18:36:55 EST" name="handleBrowsers" finished-at="2023-03-02T18:36:56 EST" duration-ms="1021" status="PASS">
          <reporter-output>
          </reporter-output>
        </test-method> <!-- handleBrowsers -->
        <test-method is-config="true" signature="initBrowser()[pri:0, instance:com.gqa.tests.EcomTest@497486b3]" started-at="2023-03-02T18:36:56 EST" name="initBrowser" finished-at="2023-03-02T18:36:59 EST" duration-ms="2912" status="PASS">
          <reporter-output>
          </reporter-output>
        </test-method> <!-- initBrowser -->
        <test-method signature="registerTest(java.lang.String, java.lang.String, java.lang.String, java.lang.String, java.lang.String)[pri:0, instance:com.gqa.tests.EcomTest@497486b3]" started-at="2023-03-02T18:36:59 EST" name="registerTest" data-provider="registrationData" finished-at="2023-03-02T18:37:10 EST" duration-ms="11252" status="FAIL">
          <params>
            <param index="0">
              <value>
                <![CDATA[fnamebc]]>
              </value>
            </param>
            <param index="1">
              <value>
                <![CDATA[lnameat]]>
              </value>
            </param>
            <param index="2">
              <value>
                <![CDATA[fnamede@email.com]]>
              </value>
            </param>
            <param index="3">
              <value>
                <![CDATA[4525252226]]>
              </value>
            </param>
            <param index="4">
              <value>
                <![CDATA[Busyqa@123]]>
              </value>
            </param>
          </params>
          <exception class="java.lang.AssertionError">
            <message>
              <![CDATA[expected [true] but found [false]]]>
            </message>
            <full-stacktrace>
              <![CDATA[java.lang.AssertionError: expected [true] but found [false]
at org.testng.Assert.fail(Assert.java:97)
at org.testng.Assert.failNotEquals(Assert.java:969)
at org.testng.Assert.assertTrue(Assert.java:43)
at org.testng.Assert.assertTrue(Assert.java:53)
at com.gqa.tests.EcomTest.registerTest(EcomTest.java:205)
at java.base/jdk.internal.reflect.DirectMethodHandleAccessor.invoke(DirectMethodHandleAccessor.java:104)
at java.base/java.lang.reflect.Method.invoke(Method.java:577)
at org.testng.internal.MethodInvocationHelper.invokeMethod(MethodInvocationHelper.java:134)
at org.testng.internal.TestInvoker.invokeMethod(TestInvoker.java:597)
at org.testng.internal.TestInvoker.invokeTestMethod(TestInvoker.java:173)
at org.testng.internal.MethodRunner.runInSequence(MethodRunner.java:46)
at org.testng.internal.TestInvoker$MethodInvocationAgent.invoke(TestInvoker.java:816)
at org.testng.internal.TestInvoker.invokeTestMethods(TestInvoker.java:146)
at org.testng.internal.TestMethodWorker.invokeTestMethods(TestMethodWorker.java:146)
at org.testng.internal.TestMethodWorker.run(TestMethodWorker.java:128)
at java.base/java.util.concurrent.ThreadPoolExecutor.runWorker(ThreadPoolExecutor.java:1136)
at java.base/java.util.concurrent.ThreadPoolExecutor$Worker.run(ThreadPoolExecutor.java:635)
at java.base/java.lang.Thread.run(Thread.java:833)
]]>
            </full-stacktrace>
          </exception> <!-- java.lang.AssertionError -->
          <reporter-output>
          </reporter-output>
        </test-method> <!-- registerTest -->
        <test-method is-config="true" signature="handleBrowsers()[pri:0, instance:com.gqa.tests.EcomTest@497486b3]" started-at="2023-03-02T18:37:10 EST" name="handleBrowsers" finished-at="2023-03-02T18:37:11 EST" duration-ms="675" status="PASS">
          <reporter-output>
          </reporter-output>
        </test-method> <!-- handleBrowsers -->
        <test-method is-config="true" signature="initBrowser()[pri:0, instance:com.gqa.tests.EcomTest@497486b3]" started-at="2023-03-02T18:37:11 EST" name="initBrowser" finished-at="2023-03-02T18:37:14 EST" duration-ms="3169" status="PASS">
          <reporter-output>
          </reporter-output>
        </test-method> <!-- initBrowser -->
        <test-method signature="registerTest(java.lang.String, java.lang.String, java.lang.String, java.lang.String, java.lang.String)[pri:0, instance:com.gqa.tests.EcomTest@497486b3]" started-at="2023-03-02T18:37:14 EST" name="registerTest" data-provider="registrationData" finished-at="2023-03-02T18:37:25 EST" duration-ms="10965" status="FAIL">
          <params>
            <param index="0">
              <value>
                <![CDATA[fnameab]]>
              </value>
            </param>
            <param index="1">
              <value>
                <![CDATA[lnameas]]>
              </value>
            </param>
            <param index="2">
              <value>
                <![CDATA[fnameee@email.com]]>
              </value>
            </param>
            <param index="3">
              <value>
                <![CDATA[4525252227]]>
              </value>
            </param>
            <param index="4">
              <value>
                <![CDATA[Busyqa@123]]>
              </value>
            </param>
          </params>
          <exception class="java.lang.AssertionError">
            <message>
              <![CDATA[expected [true] but found [false]]]>
            </message>
            <full-stacktrace>
              <![CDATA[java.lang.AssertionError: expected [true] but found [false]
at org.testng.Assert.fail(Assert.java:97)
at org.testng.Assert.failNotEquals(Assert.java:969)
at org.testng.Assert.assertTrue(Assert.java:43)
at org.testng.Assert.assertTrue(Assert.java:53)
at com.gqa.tests.EcomTest.registerTest(EcomTest.java:205)
at java.base/jdk.internal.reflect.DirectMethodHandleAccessor.invoke(DirectMethodHandleAccessor.java:104)
at java.base/java.lang.reflect.Method.invoke(Method.java:577)
at org.testng.internal.MethodInvocationHelper.invokeMethod(MethodInvocationHelper.java:134)
at org.testng.internal.TestInvoker.invokeMethod(TestInvoker.java:597)
at org.testng.internal.TestInvoker.invokeTestMethod(TestInvoker.java:173)
at org.testng.internal.MethodRunner.runInSequence(MethodRunner.java:46)
at org.testng.internal.TestInvoker$MethodInvocationAgent.invoke(TestInvoker.java:816)
at org.testng.internal.TestInvoker.invokeTestMethods(TestInvoker.java:146)
at org.testng.internal.TestMethodWorker.invokeTestMethods(TestMethodWorker.java:146)
at org.testng.internal.TestMethodWorker.run(TestMethodWorker.java:128)
at java.base/java.util.concurrent.ThreadPoolExecutor.runWorker(ThreadPoolExecutor.java:1136)
at java.base/java.util.concurrent.ThreadPoolExecutor$Worker.run(ThreadPoolExecutor.java:635)
at java.base/java.lang.Thread.run(Thread.java:833)
]]>
            </full-stacktrace>
          </exception> <!-- java.lang.AssertionError -->
          <reporter-output>
          </reporter-output>
        </test-method> <!-- registerTest -->
        <test-method is-config="true" signature="handleBrowsers()[pri:0, instance:com.gqa.tests.EcomTest@497486b3]" started-at="2023-03-02T18:37:25 EST" name="handleBrowsers" finished-at="2023-03-02T18:37:26 EST" duration-ms="719" status="PASS">
          <reporter-output>
          </reporter-output>
        </test-method> <!-- handleBrowsers -->
        <test-method is-config="true" signature="tearDown()[pri:0, instance:com.gqa.tests.EcomTest@497486b3]" started-at="2023-03-02T18:37:26 EST" name="tearDown" finished-at="2023-03-02T18:37:26 EST" duration-ms="428" status="PASS">
          <reporter-output>
          </reporter-output>
        </test-method> <!-- tearDown -->
      </class> <!-- com.gqa.tests.EcomTest -->
    </test> <!-- Ecom Site Test -->
  </suite> <!-- EcommerceWebsiteTests -->
</testng-results>
